<?xml version="1.0" encoding="UTF-8"?>
<!-- Generated by org.testng.reporters.JUnitXMLReporter -->
<testsuite hostname="DESKTOP-NGFOF13" ignored="0" name="TestOnJenkin" tests="8" failures="2" timestamp="2021-03-30T18:04:31 IST" time="151.248" errors="0">
  <testcase name="signin" time="2.928" classname="ecom.HomePageTest"/>
  <testcase name="contact_us" time="2.574" classname="ecom.HomePageTest"/>
  <testcase name="enter_search" time="0.22" classname="ecom.HomePageTest"/>
  <testcase name="click_search_click" time="5.077" classname="ecom.HomePageTest"/>
  <testcase name="title" time="0.015" classname="ecom.HomePageTest">
    <failure type="java.lang.AssertionError" message="expected [awesome] but found [My Store]">
      <![CDATA[java.lang.AssertionError: expected [awesome] but found [My Store]
at ecom.HomePageTest.title(HomePageTest.java:76)
at java.util.ArrayList.forEach(ArrayList.java:1249)
... Removed 32 stack frames]]>
    </failure>
  </testcase> <!-- title -->
  <testcase name="test1" time="0.003" classname="ecom.SearchPageTest"/>
  <testcase name="contact_us" time="0.0" classname="ecom.SearchPageTest"/>
  <testcase name="titletest3" time="0.012" classname="ecom.SearchPageTest">
    <failure type="java.lang.AssertionError" message="expected [awesome] but found [My Store]">
      <![CDATA[java.lang.AssertionError: expected [awesome] but found [My Store]
at ecom.SearchPageTest.titletest3(SearchPageTest.java:56)
at java.util.ArrayList.forEach(ArrayList.java:1249)
... Removed 32 stack frames]]>
    </failure>
  </testcase> <!-- titletest3 -->
</testsuite> <!-- TestOnJenkin -->
